# JRE version: OpenJDK Runtime Environment (11.0.10) (build 11.0.10+0-b96-7249189)
# Java VM: OpenJDK 64-Bit Server VM (11.0.10+0-b96-7249189, mixed mode, tiered, compressed oops, g1 gc, windows-amd64)
Heap:
 garbage-first heap   total 114688K, used 8732K [0x0000000091a00000, 0x0000000100000000)
  region size 1024K, 1 young (1024K), 1 survivors (1024K)
 Metaspace       used 11971K, capacity 12200K, committed 12416K, reserved 1071104K
  class space    used 1333K, capacity 1408K, committed 1408K, reserved 1048576K
GC Heap History (6 events):
Event: 1.718 GC heap before
{Heap before GC invocations=0 (full 0):
 garbage-first heap   total 114688K, used 29696K [0x0000000091a00000, 0x0000000100000000)
  region size 1024K, 24 young (24576K), 0 survivors (0K)
 Metaspace       used 11123K, capacity 11368K, committed 11648K, reserved 1058816K
  class space    used 1208K, capacity 1301K, committed 1408K, reserved 1048576K
}
Event: 1.726 GC heap after
{Heap after GC invocations=1 (full 0):
 garbage-first heap   total 114688K, used 8605K [0x0000000091a00000, 0x0000000100000000)
  region size 1024K, 3 young (3072K), 3 survivors (3072K)
 Metaspace       used 11123K, capacity 11368K, committed 11648K, reserved 1058816K
  class space    used 1208K, capacity 1301K, committed 1408K, reserved 1048576K
}
Event: 1.795 GC heap before
{Heap before GC invocations=1 (full 0):
 garbage-first heap   total 114688K, used 11677K [0x0000000091a00000, 0x0000000100000000)
  region size 1024K, 7 young (7168K), 3 survivors (3072K)
 Metaspace       used 11603K, capacity 11818K, committed 11904K, reserved 1067008K
  class space    used 1281K, capacity 1365K, committed 1408K, reserved 1048576K
}
Event: 1.801 GC heap after
{Heap after GC invocations=2 (full 0):
 garbage-first heap   total 114688K, used 8831K [0x0000000091a00000, 0x0000000100000000)
  region size 1024K, 4 young (4096K), 4 survivors (4096K)
 Metaspace       used 11603K, capacity 11818K, committed 11904K, reserved 1067008K
  class space    used 1281K, capacity 1365K, committed 1408K, reserved 1048576K
}
Event: 1.839 GC heap before
{Heap before GC invocations=3 (full 0):
 garbage-first heap   total 114688K, used 8831K [0x0000000091a00000, 0x0000000100000000)
  region size 1024K, 5 young (5120K), 4 survivors (4096K)
 Metaspace       used 11971K, capacity 12200K, committed 12416K, reserved 1071104K
  class space    used 1333K, capacity 1408K, committed 1408K, reserved 1048576K
}
Event: 1.843 GC heap after
{Heap after GC invocations=4 (full 0):
 garbage-first heap   total 114688K, used 8732K [0x0000000091a00000, 0x0000000100000000)
  region size 1024K, 1 young (1024K), 1 survivors (1024K)
 Metaspace       used 11971K, capacity 12200K, committed 12416K, reserved 1071104K
  class space    used 1333K, capacity 1408K, committed 1408K, reserved 1048576K
}

