# JRE version: OpenJDK Runtime Environment (11.0.10) (build 11.0.10+0-b96-7249189)
# Java VM: OpenJDK 64-Bit Server VM (11.0.10+0-b96-7249189, mixed mode, tiered, compressed oops, g1 gc, windows-amd64)
Heap:
 garbage-first heap   total 471040K, used 97132K [0x00000000a0000000, 0x0000000100000000)
  region size 1024K, 9 young (9216K), 2 survivors (2048K)
 Metaspace       used 99882K, capacity 102720K, committed 103256K, reserved 1138688K
  class space    used 12780K, capacity 13814K, committed 13952K, reserved 1048576K
GC Heap History (20 events):
Event: 67.712 GC heap before
{Heap before GC invocations=61 (full 0):
 garbage-first heap   total 174080K, used 134240K [0x00000000a0000000, 0x0000000100000000)
  region size 1024K, 16 young (16384K), 2 survivors (2048K)
 Metaspace       used 91597K, capacity 94242K, committed 94296K, reserved 1130496K
  class space    used 12144K, capacity 13149K, committed 13184K, reserved 1048576K
}
Event: 67.720 GC heap after
{Heap after GC invocations=62 (full 0):
 garbage-first heap   total 174080K, used 121685K [0x00000000a0000000, 0x0000000100000000)
  region size 1024K, 2 young (2048K), 2 survivors (2048K)
 Metaspace       used 91597K, capacity 94242K, committed 94296K, reserved 1130496K
  class space    used 12144K, capacity 13149K, committed 13184K, reserved 1048576K
}
Event: 68.429 GC heap before
{Heap before GC invocations=63 (full 0):
 garbage-first heap   total 174080K, used 141141K [0x00000000a0000000, 0x0000000100000000)
  region size 1024K, 17 young (17408K), 2 survivors (2048K)
 Metaspace       used 91845K, capacity 94520K, committed 94552K, reserved 1130496K
  class space    used 12159K, capacity 13172K, committed 13184K, reserved 1048576K
}
Event: 68.436 GC heap after
{Heap after GC invocations=64 (full 0):
 garbage-first heap   total 214016K, used 124590K [0x00000000a0000000, 0x0000000100000000)
  region size 1024K, 1 young (1024K), 1 survivors (1024K)
 Metaspace       used 91845K, capacity 94520K, committed 94552K, reserved 1130496K
  class space    used 12159K, capacity 13172K, committed 13184K, reserved 1048576K
}
Event: 69.259 GC heap before
{Heap before GC invocations=64 (full 0):
 garbage-first heap   total 214016K, used 140974K [0x00000000a0000000, 0x0000000100000000)
  region size 1024K, 10 young (10240K), 1 survivors (1024K)
 Metaspace       used 92203K, capacity 94892K, committed 95192K, reserved 1130496K
  class space    used 12193K, capacity 13225K, committed 13312K, reserved 1048576K
}
Event: 69.265 GC heap after
{Heap after GC invocations=65 (full 0):
 garbage-first heap   total 214016K, used 121931K [0x00000000a0000000, 0x0000000100000000)
  region size 1024K, 2 young (2048K), 2 survivors (2048K)
 Metaspace       used 92203K, capacity 94892K, committed 95192K, reserved 1130496K
  class space    used 12193K, capacity 13225K, committed 13312K, reserved 1048576K
}
Event: 70.198 GC heap before
{Heap before GC invocations=65 (full 0):
 garbage-first heap   total 214016K, used 143435K [0x00000000a0000000, 0x0000000100000000)
  region size 1024K, 25 young (25600K), 2 survivors (2048K)
 Metaspace       used 93898K, capacity 96575K, committed 96600K, reserved 1132544K
  class space    used 12409K, capacity 13440K, committed 13440K, reserved 1048576K
}
Event: 70.206 GC heap after
{Heap after GC invocations=66 (full 0):
 garbage-first heap   total 214016K, used 123806K [0x00000000a0000000, 0x0000000100000000)
  region size 1024K, 4 young (4096K), 4 survivors (4096K)
 Metaspace       used 93898K, capacity 96575K, committed 96600K, reserved 1132544K
  class space    used 12409K, capacity 13440K, committed 13440K, reserved 1048576K
}
Event: 74.519 GC heap before
{Heap before GC invocations=67 (full 0):
 garbage-first heap   total 463872K, used 461726K [0x00000000a0000000, 0x0000000100000000)
  region size 1024K, 13 young (13312K), 4 survivors (4096K)
 Metaspace       used 94494K, capacity 97244K, committed 97496K, reserved 1132544K
  class space    used 12487K, capacity 13553K, committed 13568K, reserved 1048576K
}
Event: 74.528 GC heap after
{Heap after GC invocations=68 (full 0):
 garbage-first heap   total 467968K, used 116345K [0x00000000a0000000, 0x0000000100000000)
  region size 1024K, 2 young (2048K), 2 survivors (2048K)
 Metaspace       used 94494K, capacity 97244K, committed 97496K, reserved 1132544K
  class space    used 12487K, capacity 13553K, committed 13568K, reserved 1048576K
}
Event: 225.612 GC heap before
{Heap before GC invocations=68 (full 0):
 garbage-first heap   total 467968K, used 135801K [0x00000000a0000000, 0x0000000100000000)
  region size 1024K, 22 young (22528K), 2 survivors (2048K)
 Metaspace       used 97837K, capacity 100619K, committed 100824K, reserved 1136640K
  class space    used 12727K, capacity 13801K, committed 13824K, reserved 1048576K
}
Event: 225.634 GC heap after
{Heap after GC invocations=69 (full 0):
 garbage-first heap   total 467968K, used 116867K [0x00000000a0000000, 0x0000000100000000)
  region size 1024K, 3 young (3072K), 3 survivors (3072K)
 Metaspace       used 97837K, capacity 100619K, committed 100824K, reserved 1136640K
  class space    used 12727K, capacity 13801K, committed 13824K, reserved 1048576K
}
Event: 3449.801 GC heap before
{Heap before GC invocations=69 (full 0):
 garbage-first heap   total 467968K, used 255107K [0x00000000a0000000, 0x0000000100000000)
  region size 1024K, 139 young (142336K), 3 survivors (3072K)
 Metaspace       used 99210K, capacity 102193K, committed 102488K, reserved 1138688K
  class space    used 12795K, capacity 13887K, committed 13952K, reserved 1048576K
}
Event: 3449.925 GC heap after
{Heap after GC invocations=70 (full 0):
 garbage-first heap   total 467968K, used 118139K [0x00000000a0000000, 0x0000000100000000)
  region size 1024K, 4 young (4096K), 4 survivors (4096K)
 Metaspace       used 99210K, capacity 102193K, committed 102488K, reserved 1138688K
  class space    used 12795K, capacity 13887K, committed 13952K, reserved 1048576K
}
Event: 3481.144 GC heap before
{Heap before GC invocations=70 (full 0):
 garbage-first heap   total 467968K, used 209275K [0x00000000a0000000, 0x0000000100000000)
  region size 1024K, 95 young (97280K), 4 survivors (4096K)
 Metaspace       used 99747K, capacity 102741K, committed 103000K, reserved 1138688K
  class space    used 12829K, capacity 13941K, committed 13952K, reserved 1048576K
}
Event: 3481.512 GC heap after
{Heap after GC invocations=71 (full 0):
 garbage-first heap   total 467968K, used 122617K [0x00000000a0000000, 0x0000000100000000)
  region size 1024K, 8 young (8192K), 8 survivors (8192K)
 Metaspace       used 99747K, capacity 102741K, committed 103000K, reserved 1138688K
  class space    used 12829K, capacity 13941K, committed 13952K, reserved 1048576K
}
Event: 4033.930 GC heap before
{Heap before GC invocations=72 (full 0):
 garbage-first heap   total 467968K, used 465657K [0x00000000a0000000, 0x0000000100000000)
  region size 1024K, 73 young (74752K), 8 survivors (8192K)
 Metaspace       used 99692K, capacity 102503K, committed 103000K, reserved 1138688K
  class space    used 12753K, capacity 13788K, committed 13952K, reserved 1048576K
}
Event: 4034.212 GC heap after
{Heap after GC invocations=73 (full 0):
 garbage-first heap   total 471040K, used 111652K [0x00000000a0000000, 0x0000000100000000)
  region size 1024K, 3 young (3072K), 3 survivors (3072K)
 Metaspace       used 99692K, capacity 102503K, committed 103000K, reserved 1138688K
  class space    used 12753K, capacity 13788K, committed 13952K, reserved 1048576K
}
Event: 5159.005 GC heap before
{Heap before GC invocations=73 (full 0):
 garbage-first heap   total 471040K, used 132132K [0x00000000a0000000, 0x0000000100000000)
  region size 1024K, 23 young (23552K), 3 survivors (3072K)
 Metaspace       used 99700K, capacity 102503K, committed 103000K, reserved 1138688K
  class space    used 12753K, capacity 13788K, committed 13952K, reserved 1048576K
}
Event: 5159.214 GC heap after
{Heap after GC invocations=74 (full 0):
 garbage-first heap   total 471040K, used 92012K [0x00000000a0000000, 0x0000000100000000)
  region size 1024K, 2 young (2048K), 2 survivors (2048K)
 Metaspace       used 99700K, capacity 102503K, committed 103000K, reserved 1138688K
  class space    used 12753K, capacity 13788K, committed 13952K, reserved 1048576K
}

