# JRE version: OpenJDK Runtime Environment (11.0.10) (build 11.0.10+0-b96-7249189)
# Java VM: OpenJDK 64-Bit Server VM (11.0.10+0-b96-7249189, mixed mode, tiered, compressed oops, g1 gc, windows-amd64)
Heap:
 garbage-first heap   total 385024K, used 299756K [0x00000000a0000000, 0x0000000100000000)
  region size 1024K, 3 young (3072K), 1 survivors (1024K)
 Metaspace       used 125371K, capacity 129323K, committed 129496K, reserved 1161216K
  class space    used 16194K, capacity 17603K, committed 17664K, reserved 1048576K
GC Heap History (20 events):
Event: 118.049 GC heap before
{Heap before GC invocations=85 (full 0):
 garbage-first heap   total 292864K, used 173670K [0x00000000a0000000, 0x0000000100000000)
  region size 1024K, 14 young (14336K), 3 survivors (3072K)
 Metaspace       used 124586K, capacity 128591K, committed 128728K, reserved 1161216K
  class space    used 16129K, capacity 17546K, committed 17664K, reserved 1048576K
}
Event: 118.062 GC heap after
{Heap after GC invocations=86 (full 0):
 garbage-first heap   total 292864K, used 142001K [0x00000000a0000000, 0x0000000100000000)
  region size 1024K, 1 young (1024K), 1 survivors (1024K)
 Metaspace       used 124586K, capacity 128591K, committed 128728K, reserved 1161216K
  class space    used 16129K, capacity 17546K, committed 17664K, reserved 1048576K
}
Event: 120.266 GC heap before
{Heap before GC invocations=86 (full 0):
 garbage-first heap   total 292864K, used 232113K [0x00000000a0000000, 0x0000000100000000)
  region size 1024K, 72 young (73728K), 1 survivors (1024K)
 Metaspace       used 124644K, capacity 128662K, committed 128984K, reserved 1161216K
  class space    used 16130K, capacity 17546K, committed 17664K, reserved 1048576K
}
Event: 120.376 GC heap after
{Heap after GC invocations=87 (full 0):
 garbage-first heap   total 292864K, used 185065K [0x00000000a0000000, 0x0000000100000000)
  region size 1024K, 9 young (9216K), 9 survivors (9216K)
 Metaspace       used 124644K, capacity 128662K, committed 128984K, reserved 1161216K
  class space    used 16130K, capacity 17546K, committed 17664K, reserved 1048576K
}
Event: 120.550 GC heap before
{Heap before GC invocations=87 (full 0):
 garbage-first heap   total 292864K, used 189161K [0x00000000a0000000, 0x0000000100000000)
  region size 1024K, 15 young (15360K), 9 survivors (9216K)
 Metaspace       used 124645K, capacity 128662K, committed 128984K, reserved 1161216K
  class space    used 16130K, capacity 17546K, committed 17664K, reserved 1048576K
}
Event: 120.593 GC heap after
{Heap after GC invocations=88 (full 0):
 garbage-first heap   total 292864K, used 190158K [0x00000000a0000000, 0x0000000100000000)
  region size 1024K, 4 young (4096K), 4 survivors (4096K)
 Metaspace       used 124645K, capacity 128662K, committed 128984K, reserved 1161216K
  class space    used 16130K, capacity 17546K, committed 17664K, reserved 1048576K
}
Event: 122.070 GC heap before
{Heap before GC invocations=89 (full 0):
 garbage-first heap   total 292864K, used 225998K [0x00000000a0000000, 0x0000000100000000)
  region size 1024K, 40 young (40960K), 4 survivors (4096K)
 Metaspace       used 124499K, capacity 128404K, committed 128984K, reserved 1161216K
  class space    used 16074K, capacity 17448K, committed 17664K, reserved 1048576K
}
Event: 122.120 GC heap after
{Heap after GC invocations=90 (full 0):
 garbage-first heap   total 292864K, used 202252K [0x00000000a0000000, 0x0000000100000000)
  region size 1024K, 5 young (5120K), 5 survivors (5120K)
 Metaspace       used 124499K, capacity 128404K, committed 128984K, reserved 1161216K
  class space    used 16074K, capacity 17448K, committed 17664K, reserved 1048576K
}
Event: 122.542 GC heap before
{Heap before GC invocations=90 (full 0):
 garbage-first heap   total 292864K, used 212492K [0x00000000a0000000, 0x0000000100000000)
  region size 1024K, 14 young (14336K), 5 survivors (5120K)
 Metaspace       used 124499K, capacity 128404K, committed 128984K, reserved 1161216K
  class space    used 16074K, capacity 17448K, committed 17664K, reserved 1048576K
}
Event: 122.585 GC heap after
{Heap after GC invocations=91 (full 0):
 garbage-first heap   total 292864K, used 193909K [0x00000000a0000000, 0x0000000100000000)
  region size 1024K, 2 young (2048K), 2 survivors (2048K)
 Metaspace       used 124499K, capacity 128404K, committed 128984K, reserved 1161216K
  class space    used 16074K, capacity 17448K, committed 17664K, reserved 1048576K
}
Event: 123.034 GC heap before
{Heap before GC invocations=91 (full 0):
 garbage-first heap   total 292864K, used 233845K [0x00000000a0000000, 0x0000000100000000)
  region size 1024K, 37 young (37888K), 2 survivors (2048K)
 Metaspace       used 124505K, capacity 128406K, committed 128984K, reserved 1161216K
  class space    used 16074K, capacity 17448K, committed 17664K, reserved 1048576K
}
Event: 123.047 GC heap after
{Heap after GC invocations=92 (full 0):
 garbage-first heap   total 292864K, used 207073K [0x00000000a0000000, 0x0000000100000000)
  region size 1024K, 5 young (5120K), 5 survivors (5120K)
 Metaspace       used 124505K, capacity 128406K, committed 128984K, reserved 1161216K
  class space    used 16074K, capacity 17448K, committed 17664K, reserved 1048576K
}
Event: 123.135 GC heap before
{Heap before GC invocations=92 (full 0):
 garbage-first heap   total 292864K, used 213217K [0x00000000a0000000, 0x0000000100000000)
  region size 1024K, 12 young (12288K), 5 survivors (5120K)
 Metaspace       used 124505K, capacity 128406K, committed 128984K, reserved 1161216K
  class space    used 16074K, capacity 17448K, committed 17664K, reserved 1048576K
}
Event: 123.142 GC heap after
{Heap after GC invocations=93 (full 0):
 garbage-first heap   total 292864K, used 208778K [0x00000000a0000000, 0x0000000100000000)
  region size 1024K, 2 young (2048K), 2 survivors (2048K)
 Metaspace       used 124505K, capacity 128406K, committed 128984K, reserved 1161216K
  class space    used 16074K, capacity 17448K, committed 17664K, reserved 1048576K
}
Event: 123.920 GC heap before
{Heap before GC invocations=94 (full 0):
 garbage-first heap   total 292864K, used 240522K [0x00000000a0000000, 0x0000000100000000)
  region size 1024K, 26 young (26624K), 2 survivors (2048K)
 Metaspace       used 124520K, capacity 128408K, committed 128984K, reserved 1161216K
  class space    used 16074K, capacity 17448K, committed 17664K, reserved 1048576K
}
Event: 123.924 GC heap after
{Heap after GC invocations=95 (full 0):
 garbage-first heap   total 292864K, used 208928K [0x00000000a0000000, 0x0000000100000000)
  region size 1024K, 1 young (1024K), 1 survivors (1024K)
 Metaspace       used 124520K, capacity 128408K, committed 128984K, reserved 1161216K
  class space    used 16074K, capacity 17448K, committed 17664K, reserved 1048576K
}
Event: 124.667 GC heap before
{Heap before GC invocations=95 (full 0):
 garbage-first heap   total 292864K, used 221216K [0x00000000a0000000, 0x0000000100000000)
  region size 1024K, 14 young (14336K), 1 survivors (1024K)
 Metaspace       used 124942K, capacity 128865K, committed 129240K, reserved 1161216K
  class space    used 16128K, capacity 17513K, committed 17664K, reserved 1048576K
}
Event: 124.680 GC heap after
{Heap after GC invocations=96 (full 0):
 garbage-first heap   total 292864K, used 181898K [0x00000000a0000000, 0x0000000100000000)
  region size 1024K, 1 young (1024K), 1 survivors (1024K)
 Metaspace       used 124942K, capacity 128865K, committed 129240K, reserved 1161216K
  class space    used 16128K, capacity 17513K, committed 17664K, reserved 1048576K
}
Event: 125.553 GC heap before
{Heap before GC invocations=96 (full 0):
 garbage-first heap   total 292864K, used 213642K [0x00000000a0000000, 0x0000000100000000)
  region size 1024K, 11 young (11264K), 1 survivors (1024K)
 Metaspace       used 125352K, capacity 129302K, committed 129496K, reserved 1161216K
  class space    used 16190K, capacity 17596K, committed 17664K, reserved 1048576K
}
Event: 125.560 GC heap after
{Heap after GC invocations=97 (full 0):
 garbage-first heap   total 292864K, used 181996K [0x00000000a0000000, 0x0000000100000000)
  region size 1024K, 1 young (1024K), 1 survivors (1024K)
 Metaspace       used 125352K, capacity 129302K, committed 129496K, reserved 1161216K
  class space    used 16190K, capacity 17596K, committed 17664K, reserved 1048576K
}

